<?xml version="1.0" encoding="UTF-8"?>
<robot generator="Robot 7.3.2 (Python 3.13.0 on win32)" generated="2026-05-05T21:05:55.846193" rpa="false" schemaversion="5">
<suite id="s1" name="Login" source="C:\Users\marce\OneDrive\Desktop\Automation Projects\robot-automation-project\Tests\UI\01_Login_Signup\login.robot">
<kw name="Setup Automation UI" owner="common_kw" type="SETUP">
<kw name="Load Configuration" owner="common_kw">
<kw name="Set Suite Variable" owner="BuiltIn">
<msg time="2026-05-05T21:05:56.727756" level="INFO">${URL} = https://www.automationexercise.com/</msg>
<arg>${URL}</arg>
<arg>${LOGIN_CONFIG}[url]</arg>
<doc>Makes a variable available everywhere within the scope of the current suite.</doc>
<status status="PASS" start="2026-05-05T21:05:56.726990" elapsed="0.000903"/>
</kw>
<kw name="Set Suite Variable" owner="BuiltIn">
<msg time="2026-05-05T21:05:56.730870" level="INFO">${USER_USERNAME} = marcelosautomationproject@gmail.com</msg>
<arg>${USER_USERNAME}</arg>
<arg>${LOGIN_CONFIG}[username]</arg>
<doc>Makes a variable available everywhere within the scope of the current suite.</doc>
<status status="PASS" start="2026-05-05T21:05:56.728260" elapsed="0.002773"/>
</kw>
<kw name="Set Suite Variable" owner="BuiltIn">
<msg time="2026-05-05T21:05:56.734200" level="INFO">${USER_PASSWORD} = Portfolio123!</msg>
<arg>${USER_PASSWORD}</arg>
<arg>${LOGIN_CONFIG}[password]</arg>
<doc>Makes a variable available everywhere within the scope of the current suite.</doc>
<status status="PASS" start="2026-05-05T21:05:56.731476" elapsed="0.002889"/>
</kw>
<kw name="Set Suite Variable" owner="BuiltIn">
<msg time="2026-05-05T21:05:56.737467" level="INFO">${USER_NAME} = Marcelo Portfolio</msg>
<arg>${USER_NAME}</arg>
<arg>${LOGIN_CONFIG}[name]</arg>
<doc>Makes a variable available everywhere within the scope of the current suite.</doc>
<status status="PASS" start="2026-05-05T21:05:56.734721" elapsed="0.002859"/>
</kw>
<kw name="Set Suite Variable" owner="BuiltIn">
<msg time="2026-05-05T21:05:56.741851" level="INFO">${BASE_URL} = https://automationexercise.com/api/</msg>
<arg>${BASE_URL}</arg>
<arg>${LOGIN_CONFIG}[base_url]</arg>
<doc>Makes a variable available everywhere within the scope of the current suite.</doc>
<status status="PASS" start="2026-05-05T21:05:56.737878" elapsed="0.004266"/>
</kw>
<status status="PASS" start="2026-05-05T21:05:56.724352" elapsed="0.018169"/>
</kw>
<kw name="Create Browser With Context" owner="ManageBrowser">
<kw name="Build Web Browser Arguments" owner="ManageBrowser">
<kw name="Convert To Boolean" owner="BuiltIn">
<msg time="2026-05-05T21:05:56.745393" level="INFO">${headless_bool} = False</msg>
<var>${headless_bool}</var>
<arg>${BROWSER_IS_HEADLESS}</arg>
<doc>Converts the given item to Boolean true or false.</doc>
<status status="PASS" start="2026-05-05T21:05:56.744755" elapsed="0.000716"/>
</kw>
<kw name="Convert To Integer" owner="BuiltIn">
<msg time="2026-05-05T21:05:56.746315" level="INFO">${timeout_int} = 30</msg>
<var>${timeout_int}</var>
<arg>${BROWSER_TIMEOUT}</arg>
<doc>Converts the given item to an integer number.</doc>
<status status="PASS" start="2026-05-05T21:05:56.745742" elapsed="0.000630"/>
</kw>
<kw name="Create Dictionary" owner="BuiltIn">
<msg time="2026-05-05T21:05:56.747564" level="INFO">${browser_args} = {'browser': 'chromium', 'headless': False, 'timeout': 30}</msg>
<var>${browser_args}</var>
<arg>browser=${WEB_BROWSER}</arg>
<arg>headless=${headless_bool}</arg>
<arg>timeout=${timeout_int}</arg>
<doc>Creates and returns a dictionary based on the given ``items``.</doc>
<status status="PASS" start="2026-05-05T21:05:56.746745" elapsed="0.000898"/>
</kw>
<kw name="Set Suite Variable" owner="BuiltIn">
<msg time="2026-05-05T21:05:56.751023" level="INFO">${WEB_BROWSER_ARGUMENTS} = {'browser': 'chromium', 'headless': False, 'timeout': 30}</msg>
<arg>${WEB_BROWSER_ARGUMENTS}</arg>
<arg>${browser_args}</arg>
<doc>Makes a variable available everywhere within the scope of the current suite.</doc>
<status status="PASS" start="2026-05-05T21:05:56.747930" elapsed="0.003225"/>
</kw>
<doc>Build the web browser arguments dictionary</doc>
<status status="PASS" start="2026-05-05T21:05:56.744185" elapsed="0.007140"/>
</kw>
<kw name="Configure Download Path" owner="ManageBrowser">
<try>
<branch type="TRY">
<kw name="Variable Should Exist" owner="BuiltIn">
<arg>${WEB_BROWSER_DOWNLOAD_PATH}</arg>
<doc>Fails unless the given variable exists within the current scope.</doc>
<status status="PASS" start="2026-05-05T21:05:56.752624" elapsed="0.000414"/>
</kw>
<status status="PASS" start="2026-05-05T21:05:56.752275" elapsed="0.000861"/>
</branch>
<branch type="EXCEPT">
<kw name="Join Path" owner="OperatingSystem">
<var>${path}</var>
<arg>${EXECDIR}</arg>
<arg>Downloads</arg>
<doc>Joins the given path part(s) to the given base path.</doc>
<status status="NOT RUN" start="2026-05-05T21:05:56.753549" elapsed="0.000119"/>
</kw>
<kw name="Set Suite Variable" owner="BuiltIn">
<arg>${WEB_BROWSER_DOWNLOAD_PATH}</arg>
<arg>${path}</arg>
<doc>Makes a variable available everywhere within the scope of the current suite.</doc>
<status status="NOT RUN" start="2026-05-05T21:05:56.753921" elapsed="0.000135"/>
</kw>
<status status="NOT RUN" start="2026-05-05T21:05:56.753256" elapsed="0.000887"/>
</branch>
<status status="PASS" start="2026-05-05T21:05:56.752185" elapsed="0.002056"/>
</try>
<doc>Configure Download Path</doc>
<status status="PASS" start="2026-05-05T21:05:56.751740" elapsed="0.002598"/>
</kw>
<if>
<branch type="IF" condition="&quot;${BROWSER_STRATEGY}&quot; == &quot;incognito&quot;">
<kw name="Create Incognito Browser And Context" owner="ManageBrowser">
<kw name="Get Display Resolution" owner="ManageBrowser">
<kw name="Get From Dictionary" owner="Collections">
<msg time="2026-05-05T21:05:56.757069" level="INFO">${display_resolution_values} = {'WIDTH': 1920, 'HEIGHT': 1080, 'ASPECT_RATIO': 969}</msg>
<var>${display_resolution_values}</var>
<arg>${DISPLAY_RESOLUTION_DICT}</arg>
<arg>${DEFAULT_WINDOW_RESOLUTION}</arg>
<arg>default={"WIDTH": 0, "HEIGHT": 0, "ASPECT_RATIO": null}</arg>
<doc>Returns a value from the given ``dictionary`` based on the given ``key``.</doc>
<status status="PASS" start="2026-05-05T21:05:56.756198" elapsed="0.000939"/>
</kw>
<return>
<value>${display_resolution_values}</value>
<status status="PASS" start="2026-05-05T21:05:56.757282" elapsed="0.000239"/>
</return>
<msg time="2026-05-05T21:05:56.757837" level="INFO">${display_resolution_values} = {'WIDTH': 1920, 'HEIGHT': 1080, 'ASPECT_RATIO': 969}</msg>
<var>${display_resolution_values}</var>
<doc>Get Display Resolution from display resolution dictionary
values: MAX, HD, FHD, QUAD_HD
DEFAULT: MAX</doc>
<status status="PASS" start="2026-05-05T21:05:56.755715" elapsed="0.002176"/>
</kw>
<if>
<branch type="IF" condition="'${WEB_BROWSER}' == 'chromium'">
<kw name="Set Chrome Arguments" owner="ManageBrowser">
<kw name="Set To Dictionary" owner="Collections">
<arg>${WEB_BROWSER_ARGUMENTS}</arg>
<arg>args=${CHROME_ARGS}</arg>
<doc>Adds the given ``key_value_pairs`` and/or ``items`` to the ``dictionary``.</doc>
<status status="PASS" start="2026-05-05T21:05:56.759017" elapsed="0.000426"/>
</kw>
<doc>Set Chrome Arguments</doc>
<status status="PASS" start="2026-05-05T21:05:56.758617" elapsed="0.000963"/>
</kw>
<status status="PASS" start="2026-05-05T21:05:56.758055" elapsed="0.001590"/>
</branch>
<status status="PASS" start="2026-05-05T21:05:56.758017" elapsed="0.001708"/>
</if>
<kw name="Get From Dictionary" owner="Collections">
<msg time="2026-05-05T21:05:56.760338" level="INFO">${vp_width} = 1920</msg>
<var>${vp_width}</var>
<arg>${display_resolution_values}</arg>
<arg>WIDTH</arg>
<doc>Returns a value from the given ``dictionary`` based on the given ``key``.</doc>
<status status="PASS" start="2026-05-05T21:05:56.759927" elapsed="0.000468"/>
</kw>
<kw name="Get From Dictionary" owner="Collections">
<msg time="2026-05-05T21:05:56.760990" level="INFO">${vp_height} = 1080</msg>
<var>${vp_height}</var>
<arg>${display_resolution_values}</arg>
<arg>HEIGHT</arg>
<doc>Returns a value from the given ``dictionary`` based on the given ``key``.</doc>
<status status="PASS" start="2026-05-05T21:05:56.760622" elapsed="0.000418"/>
</kw>
<kw name="Create Dictionary" owner="BuiltIn">
<msg time="2026-05-05T21:05:56.762173" level="INFO">${viewport} = {'width': 1920, 'height': 1080}</msg>
<var>${viewport}</var>
<arg>width=${vp_width}</arg>
<arg>height=${vp_height}</arg>
<doc>Creates and returns a dictionary based on the given ``items``.</doc>
<status status="PASS" start="2026-05-05T21:05:56.761591" elapsed="0.000636"/>
</kw>
<kw name="Set To Dictionary" owner="Collections">
<arg>${CONTEXT_ARGUMENTS}</arg>
<arg>acceptDownloads=True</arg>
<arg>viewport=${viewport}</arg>
<doc>Adds the given ``key_value_pairs`` and/or ``items`` to the ``dictionary``.</doc>
<status status="PASS" start="2026-05-05T21:05:56.762450" elapsed="0.000397"/>
</kw>
<kw name="New Browser" owner="Browser">
<msg time="2026-05-05T21:05:56.766337" level="INFO">{"browser": "chromium", "headless": false, "args": [], "chromiumSandbox": false, "devtools": false, "handleSIGHUP": true, "handleSIGINT": true, "handleSIGTERM": true, "slowMo": 0.0, "timeout": 30000.0, "tracesDir": "C:\\Users\\marce\\OneDrive\\Desktop\\Automation Projects\\robot-automation-project\\results\\browser\\traces\\temp\\099b299d-c481-4291-aae7-9103ec8a5944"}</msg>
<msg time="2026-05-05T21:05:56.842833" level="INFO">Starting Browser process C:\Users\marce\AppData\Roaming\Python\Python313\site-packages\Browser\wrapper\index.js using at 127.0.0.1:54385</msg>
<msg time="2026-05-05T21:06:02.626577" level="INFO">Successfully created browser with options: {"browser":"chromium","headless":false,"args":[],"chromiumSandbox":false,"devtools":false,"handleSIGHUP":true,"handleSIGINT":true,"handleSIGTERM":true,"slowMo":0,"timeout":30000,"tracesDir":"C:\\Users\\marce\\OneDrive\\Desktop\\Automation Projects\\robot-automation-project\\results\\browser\\traces\\temp\\099b299d-c481-4291-aae7-9103ec8a5944"}</msg>
<arg>&amp;{WEB_BROWSER_ARGUMENTS}</arg>
<tag>BrowserControl</tag>
<tag>Setter</tag>
<doc>Create a new playwright Browser with specified options.</doc>
<status status="PASS" start="2026-05-05T21:05:56.763085" elapsed="5.864638"/>
</kw>
<kw name="New Context" owner="Browser">
<msg time="2026-05-05T21:06:02.641177" level="INFO">{
  "acceptDownloads": true,
  "bypassCSP": false,
  "forcedColors": "none",
  "ignoreHTTPSErrors": false,
  "javaScriptEnabled": true,
  "offline": false,
  "reducedMotion": "no-preference",
  "serviceWorkers": "allow",
  "viewport": {
    "width": 1920,
    "height": 1080
  }
}</msg>
<msg time="2026-05-05T21:06:02.709318" level="INFO">Successfully created context. </msg>
<msg time="2026-05-05T21:06:02.709622" level="INFO">{'acceptDownloads': True, 'bypassCSP': False, 'forcedColors': 'none', 'ignoreHTTPSErrors': False, 'javaScriptEnabled': True, 'offline': False, 'reducedMotion': 'no-preference', 'serviceWorkers': 'allow', 'viewport': {'width': 1920, 'height': 1080}}</msg>
<arg>&amp;{CONTEXT_ARGUMENTS}</arg>
<tag>BrowserControl</tag>
<tag>Setter</tag>
<doc>Create a new BrowserContext with specified options.</doc>
<status status="PASS" start="2026-05-05T21:06:02.629202" elapsed="0.080756"/>
</kw>
<kw name="New Page" owner="Browser">
<msg time="2026-05-05T21:06:04.136505" level="INFO">Successfully initialized new page object and opened url: about:blank</msg>
<tag>BrowserControl</tag>
<tag>Setter</tag>
<doc>Open a new Page.</doc>
<status status="PASS" start="2026-05-05T21:06:02.710778" elapsed="1.426318"/>
</kw>
<doc>Create Incognito Browser With Context</doc>
<status status="PASS" start="2026-05-05T21:05:56.755193" elapsed="7.382327"/>
</kw>
<status status="PASS" start="2026-05-05T21:05:56.754498" elapsed="7.383208"/>
</branch>
<branch type="ELSE IF" condition="&quot;${BROWSER_STRATEGY}&quot; == &quot;persistent&quot;">
<kw name="Create Persistent Browser And Context" owner="ManageBrowser">
<doc>Create Persistent Browser With Context</doc>
<status status="NOT RUN" start="2026-05-05T21:06:04.139146" elapsed="0.000721"/>
</kw>
<status status="NOT RUN" start="2026-05-05T21:06:04.137949" elapsed="0.002243"/>
</branch>
<status status="PASS" start="2026-05-05T21:05:56.754456" elapsed="7.385997"/>
</if>
<doc>Create Browser With Context based on browser strategy
values: incognito, persistent</doc>
<status status="PASS" start="2026-05-05T21:05:56.743365" elapsed="7.397765"/>
</kw>
<status status="PASS" start="2026-05-05T21:05:56.722226" elapsed="7.419628"/>
</kw>
<test id="s1-t1" name="Scenario 3 &gt; Login With Invalid Credentials" line="52">
<kw name="Go to the website page" owner="login_kw">
<kw name="Go To" owner="Browser">
<msg time="2026-05-05T21:06:08.012842" level="INFO">Successfully opened URL https://www.automationexercise.com/</msg>
<arg>${URL}</arg>
<tag>BrowserControl</tag>
<tag>Setter</tag>
<doc>Navigates to the given ``url``.</doc>
<status status="PASS" start="2026-05-05T21:06:04.230134" elapsed="3.789568"/>
</kw>
<status status="PASS" start="2026-05-05T21:06:04.228526" elapsed="3.792039"/>
</kw>
<kw name="Go To The Login Page" owner="login_kw">
<kw name="Click" owner="Browser">
<msg time="2026-05-05T21:06:08.032925" level="INFO">Clicks the element 'a[href="/login"]'.</msg>
<arg>${login_page}</arg>
<tag>PageContent</tag>
<tag>Setter</tag>
<doc>Simulates mouse click on the element found by ``selector``.</doc>
<status status="PASS" start="2026-05-05T21:06:08.026483" elapsed="1.912997"/>
</kw>
<status status="PASS" start="2026-05-05T21:06:08.023595" elapsed="1.916689"/>
</kw>
<kw name="Input The Email &quot;${USER_USERNAME}&quot; in the field" owner="login_kw" source_name="Input The Email &quot;${VAR_USER_USERNAME}&quot; in the field">
<kw name="Fill Text" owner="Browser">
<msg time="2026-05-05T21:06:09.946950" level="INFO">Fills the text 'marcelosautomationproject@gmail.com' in the given field.</msg>
<arg>${login_email_loc}</arg>
<arg>${VAR_USER_USERNAME}</arg>
<tag>PageContent</tag>
<tag>Setter</tag>
<doc>Clears and fills the given ``txt`` into the text field found by ``selector``.</doc>
<status status="PASS" start="2026-05-05T21:06:09.944553" elapsed="0.440036"/>
</kw>
<status status="PASS" start="2026-05-05T21:06:09.942331" elapsed="0.442800"/>
</kw>
<kw name="Input The Password &quot;${GENERIC_WRONG_PASSWORD}&quot; in the field" owner="login_kw" source_name="Input The Password &quot;${VAR_USER_PASSWORD}&quot; in the field">
<kw name="Fill Text" owner="Browser">
<msg time="2026-05-05T21:06:10.393661" level="INFO">Fills the text 'notarealpassword' in the given field.</msg>
<arg>${login_password_loc}</arg>
<arg>${VAR_USER_PASSWORD}</arg>
<tag>PageContent</tag>
<tag>Setter</tag>
<doc>Clears and fills the given ``txt`` into the text field found by ``selector``.</doc>
<status status="PASS" start="2026-05-05T21:06:10.391074" elapsed="0.080807"/>
</kw>
<status status="PASS" start="2026-05-05T21:06:10.387883" elapsed="0.084567"/>
</kw>
<kw name="Click On Login Button" owner="login_kw">
<kw name="Click" owner="Browser">
<msg time="2026-05-05T21:06:10.478668" level="INFO">Clicks the element 'button[data-qa="login-button"]'.</msg>
<arg>${login_button_loc}</arg>
<tag>PageContent</tag>
<tag>Setter</tag>
<doc>Simulates mouse click on the element found by ``selector``.</doc>
<status status="PASS" start="2026-05-05T21:06:10.476560" elapsed="0.338835"/>
</kw>
<status status="PASS" start="2026-05-05T21:06:10.474657" elapsed="0.341664"/>
</kw>
<kw name="Validate Invalid Credentials Message" owner="login_kw">
<kw name="Get Text" owner="Browser">
<msg time="2026-05-05T21:06:11.142342" level="INFO">Text: 'Your email or password is incorrect!'</msg>
<msg time="2026-05-05T21:06:11.142874" level="INFO">${error message} = Your email or password is incorrect!</msg>
<var>${error message}</var>
<arg>${invalid_cred_msg_loc}</arg>
<tag>Assertion</tag>
<tag>Getter</tag>
<tag>PageContent</tag>
<doc>Returns text attribute of the element found by ``selector``.</doc>
<status status="PASS" start="2026-05-05T21:06:10.820447" elapsed="0.322545"/>
</kw>
<kw name="Should Be Equal As Strings" owner="BuiltIn">
<arg>${error message}</arg>
<arg>${invalid_credentials_msg}</arg>
<doc>Fails if objects are unequal after converting them to strings.</doc>
<status status="PASS" start="2026-05-05T21:06:11.145026" elapsed="0.001488"/>
</kw>
<status status="PASS" start="2026-05-05T21:06:10.818615" elapsed="0.328464"/>
</kw>
<doc>Test login with invalid credentials to verify security validation.</doc>
<tag>login</tag>
<tag>smoke</tag>
<tag>smokeui</tag>
<tag>test</tag>
<status status="PASS" start="2026-05-05T21:06:04.143033" elapsed="7.006006"/>
</test>
<doc>Login Test Suite</doc>
<status status="PASS" start="2026-05-05T21:05:55.855861" elapsed="15.327179"/>
</suite>
<statistics>
<total>
<stat pass="1" fail="0" skip="0">All Tests</stat>
</total>
<tag>
<stat pass="1" fail="0" skip="0">login</stat>
<stat pass="1" fail="0" skip="0">smoke</stat>
<stat pass="1" fail="0" skip="0">smokeui</stat>
<stat pass="1" fail="0" skip="0">test</stat>
</tag>
<suite>
<stat name="Login" id="s1" pass="1" fail="0" skip="0">Login</stat>
</suite>
</statistics>
<errors>
<msg time="2026-05-05T21:05:56.593947" level="ERROR">Error in file 'C:\Users\marce\OneDrive\Desktop\Automation Projects\robot-automation-project\Resources\Common\common_kw.robot' on line 3: Importing library 'JsonLibrary' failed: ModuleNotFoundError: No module named 'JsonLibrary'
Traceback (most recent call last):
  None
PYTHONPATH:
  C:\Users\marce\AppData\Roaming\Python\Python313\Scripts\robot.exe
  C:\Program Files\Python313\python313.zip
  C:\Program Files\Python313\DLLs
  C:\Program Files\Python313\Lib
  C:\Program Files\Python313
  C:\Users\marce\AppData\Roaming\Python\Python313\site-packages
  C:\Program Files\Python313\Lib\site-packages</msg>
</errors>
</robot>
